{"/Users/pastryavenger/Work_Projects/GreenPets/client/src/questionsLibrary.tsx": {"path":"/Users/pastryavenger/Work_Projects/GreenPets/client/src/questionsLibrary.tsx","statementMap":{"0":{"start":{"line":3,"column":45},"end":{"line":26,"column":6}},"1":{"start":{"line":28,"column":4},"end":{"line":28,"column":32}}},"fnMap":{},"branchMap":{},"s":{"0":1,"1":1},"f":{},"b":{}}
,"/Users/pastryavenger/Work_Projects/GreenPets/client/src/styles.tsx": {"path":"/Users/pastryavenger/Work_Projects/GreenPets/client/src/styles.tsx","statementMap":{"0":{"start":{"line":1,"column":0},"end":{"line":1,"column":39}},"1":{"start":{"line":5,"column":13},"end":{"line":12,"column":2}},"2":{"start":{"line":15,"column":13},"end":{"line":33,"column":null}}},"fnMap":{},"branchMap":{},"s":{"0":3,"1":3,"2":3},"f":{},"b":{}}
,"/Users/pastryavenger/Work_Projects/GreenPets/client/src/themes.ts": {"path":"/Users/pastryavenger/Work_Projects/GreenPets/client/src/themes.ts","statementMap":{"0":{"start":{"line":2,"column":13},"end":{"line":19,"column":null}},"1":{"start":{"line":21,"column":13},"end":{"line":38,"column":null}},"2":{"start":{"line":40,"column":13},"end":{"line":57,"column":null}},"3":{"start":{"line":59,"column":13},"end":{"line":76,"column":null}},"4":{"start":{"line":78,"column":13},"end":{"line":95,"column":null}},"5":{"start":{"line":97,"column":13},"end":{"line":114,"column":null}},"6":{"start":{"line":116,"column":13},"end":{"line":133,"column":null}},"7":{"start":{"line":135,"column":13},"end":{"line":152,"column":null}},"8":{"start":{"line":154,"column":13},"end":{"line":171,"column":null}},"9":{"start":{"line":173,"column":13},"end":{"line":190,"column":null}}},"fnMap":{},"branchMap":{},"s":{"0":5,"1":5,"2":5,"3":5,"4":5,"5":5,"6":5,"7":5,"8":5,"9":5},"f":{},"b":{}}
,"/Users/pastryavenger/Work_Projects/GreenPets/client/src/App/store.ts": {"path":"/Users/pastryavenger/Work_Projects/GreenPets/client/src/App/store.ts","statementMap":{"0":{"start":{"line":1,"column":0},"end":{"line":1,"column":50}},"1":{"start":{"line":3,"column":0},"end":{"line":3,"column":70}},"2":{"start":{"line":4,"column":0},"end":{"line":4,"column":74}},"3":{"start":{"line":5,"column":0},"end":{"line":5,"column":61}},"4":{"start":{"line":6,"column":0},"end":{"line":6,"column":58}},"5":{"start":{"line":7,"column":0},"end":{"line":7,"column":56}},"6":{"start":{"line":8,"column":0},"end":{"line":8,"column":59}},"7":{"start":{"line":9,"column":0},"end":{"line":9,"column":61}},"8":{"start":{"line":10,"column":0},"end":{"line":10,"column":61}},"9":{"start":{"line":11,"column":0},"end":{"line":11,"column":59}},"10":{"start":{"line":12,"column":0},"end":{"line":12,"column":65}},"11":{"start":{"line":13,"column":0},"end":{"line":13,"column":70}},"12":{"start":{"line":14,"column":0},"end":{"line":14,"column":64}},"13":{"start":{"line":15,"column":0},"end":{"line":15,"column":66}},"14":{"start":{"line":17,"column":13},"end":{"line":35,"column":null}},"15":{"start":{"line":41,"column":0},"end":{"line":41,"column":21}}},"fnMap":{},"branchMap":{},"s":{"0":3,"1":3,"2":3,"3":3,"4":3,"5":3,"6":3,"7":3,"8":3,"9":3,"10":3,"11":3,"12":3,"13":3,"14":3,"15":3},"f":{},"b":{}}
,"/Users/pastryavenger/Work_Projects/GreenPets/client/src/Features/DetailsCard/cardSlice.ts": {"path":"/Users/pastryavenger/Work_Projects/GreenPets/client/src/Features/DetailsCard/cardSlice.ts","statementMap":{"0":{"start":{"line":1,"column":0},"end":{"line":1,"column":62}},"1":{"start":{"line":10,"column":38},"end":{"line":14,"column":null}},"2":{"start":{"line":16,"column":24},"end":{"line":32,"column":2}},"3":{"start":{"line":21,"column":6},"end":{"line":21,"column":38}},"4":{"start":{"line":22,"column":6},"end":{"line":22,"column":34}},"5":{"start":{"line":25,"column":6},"end":{"line":25,"column":39}},"6":{"start":{"line":26,"column":6},"end":{"line":26,"column":24}},"7":{"start":{"line":29,"column":6},"end":{"line":29,"column":40}},"8":{"start":{"line":34,"column":13},"end":{"line":34,"column":65}},"9":{"start":{"line":35,"column":37},"end":{"line":35,"column":97}},"10":{"start":{"line":35,"column":81},"end":{"line":35,"column":97}},"11":{"start":{"line":35,"column":13},"end":{"line":35,"column":37}},"12":{"start":{"line":36,"column":0},"end":{"line":36,"column":39}}},"fnMap":{"0":{"name":"(anonymous_0)","decl":{"start":{"line":20,"column":20},"end":{"line":20,"column":21}},"loc":{"start":{"line":20,"column":71},"end":{"line":23,"column":5}}},"1":{"name":"(anonymous_1)","decl":{"start":{"line":24,"column":21},"end":{"line":24,"column":22}},"loc":{"start":{"line":24,"column":31},"end":{"line":27,"column":5}}},"2":{"name":"(anonymous_2)","decl":{"start":{"line":28,"column":19},"end":{"line":28,"column":20}},"loc":{"start":{"line":28,"column":76},"end":{"line":30,"column":5}}},"3":{"name":"(anonymous_3)","decl":{"start":{"line":35,"column":37},"end":{"line":35,"column":38}},"loc":{"start":{"line":35,"column":81},"end":{"line":35,"column":97}}}},"branchMap":{},"s":{"0":3,"1":3,"2":3,"3":0,"4":0,"5":0,"6":0,"7":0,"8":3,"9":3,"10":0,"11":3,"12":3},"f":{"0":0,"1":0,"2":0,"3":0},"b":{}}
,"/Users/pastryavenger/Work_Projects/GreenPets/client/src/Features/Navbar/hamburgerOpen.ts": {"path":"/Users/pastryavenger/Work_Projects/GreenPets/client/src/Features/Navbar/hamburgerOpen.ts","statementMap":{"0":{"start":{"line":1,"column":0},"end":{"line":1,"column":47}},"1":{"start":{"line":4,"column":22},"end":{"line":13,"column":2}},"2":{"start":{"line":9,"column":12},"end":{"line":9,"column":35}},"3":{"start":{"line":10,"column":12},"end":{"line":10,"column":25}},"4":{"start":{"line":15,"column":15},"end":{"line":15,"column":57}},"5":{"start":{"line":16,"column":0},"end":{"line":16,"column":37}}},"fnMap":{"0":{"name":"(anonymous_0)","decl":{"start":{"line":8,"column":25},"end":{"line":8,"column":26}},"loc":{"start":{"line":8,"column":43},"end":{"line":11,"column":9}}}},"branchMap":{},"s":{"0":3,"1":3,"2":0,"3":0,"4":3,"5":3},"f":{"0":0},"b":{}}
,"/Users/pastryavenger/Work_Projects/GreenPets/client/src/Features/Navbar/lightModeSlice.ts": {"path":"/Users/pastryavenger/Work_Projects/GreenPets/client/src/Features/Navbar/lightModeSlice.ts","statementMap":{"0":{"start":{"line":1,"column":0},"end":{"line":1,"column":47}},"1":{"start":{"line":7,"column":37},"end":{"line":9,"column":2}},"2":{"start":{"line":11,"column":23},"end":{"line":19,"column":2}},"3":{"start":{"line":16,"column":6},"end":{"line":16,"column":41}},"4":{"start":{"line":21,"column":15},"end":{"line":21,"column":55}},"5":{"start":{"line":22,"column":0},"end":{"line":22,"column":38}}},"fnMap":{"0":{"name":"(anonymous_0)","decl":{"start":{"line":15,"column":18},"end":{"line":15,"column":19}},"loc":{"start":{"line":15,"column":28},"end":{"line":17,"column":5}}}},"branchMap":{},"s":{"0":4,"1":4,"2":4,"3":1,"4":4,"5":4},"f":{"0":1},"b":{}}
,"/Users/pastryavenger/Work_Projects/GreenPets/client/src/Features/Navbar/navbarSlice.ts": {"path":"/Users/pastryavenger/Work_Projects/GreenPets/client/src/Features/Navbar/navbarSlice.ts","statementMap":{"0":{"start":{"line":1,"column":0},"end":{"line":1,"column":62}},"1":{"start":{"line":7,"column":34},"end":{"line":9,"column":2}},"2":{"start":{"line":11,"column":20},"end":{"line":19,"column":2}},"3":{"start":{"line":16,"column":6},"end":{"line":16,"column":45}},"4":{"start":{"line":21,"column":15},"end":{"line":21,"column":59}},"5":{"start":{"line":22,"column":0},"end":{"line":22,"column":35}}},"fnMap":{"0":{"name":"(anonymous_0)","decl":{"start":{"line":15,"column":25},"end":{"line":15,"column":26}},"loc":{"start":{"line":15,"column":67},"end":{"line":17,"column":5}}}},"branchMap":{},"s":{"0":3,"1":3,"2":3,"3":0,"4":3,"5":3},"f":{"0":0},"b":{}}
,"/Users/pastryavenger/Work_Projects/GreenPets/client/src/Features/QueryResult/queryResultSlice.ts": {"path":"/Users/pastryavenger/Work_Projects/GreenPets/client/src/Features/QueryResult/queryResultSlice.ts","statementMap":{"0":{"start":{"line":1,"column":0},"end":{"line":1,"column":47}},"1":{"start":{"line":3,"column":25},"end":{"line":16,"column":2}},"2":{"start":{"line":8,"column":29},"end":{"line":8,"column":43}},"3":{"start":{"line":10,"column":12},"end":{"line":10,"column":34}},"4":{"start":{"line":12,"column":12},"end":{"line":12,"column":35}},"5":{"start":{"line":13,"column":12},"end":{"line":13,"column":25}},"6":{"start":{"line":18,"column":14},"end":{"line":18,"column":54}},"7":{"start":{"line":19,"column":0},"end":{"line":19,"column":40}}},"fnMap":{"0":{"name":"(anonymous_0)","decl":{"start":{"line":7,"column":21},"end":{"line":7,"column":22}},"loc":{"start":{"line":7,"column":39},"end":{"line":14,"column":9}}}},"branchMap":{},"s":{"0":3,"1":3,"2":0,"3":0,"4":0,"5":0,"6":3,"7":3},"f":{"0":0},"b":{}}
,"/Users/pastryavenger/Work_Projects/GreenPets/client/src/Features/Questions/questionsCounter.ts": {"path":"/Users/pastryavenger/Work_Projects/GreenPets/client/src/Features/Questions/questionsCounter.ts","statementMap":{"0":{"start":{"line":1,"column":0},"end":{"line":1,"column":47}},"1":{"start":{"line":3,"column":25},"end":{"line":13,"column":2}},"2":{"start":{"line":8,"column":12},"end":{"line":8,"column":35}},"3":{"start":{"line":9,"column":12},"end":{"line":9,"column":25}},"4":{"start":{"line":14,"column":14},"end":{"line":14,"column":53}},"5":{"start":{"line":15,"column":0},"end":{"line":15,"column":40}}},"fnMap":{"0":{"name":"(anonymous_0)","decl":{"start":{"line":7,"column":20},"end":{"line":7,"column":21}},"loc":{"start":{"line":7,"column":38},"end":{"line":10,"column":9}}}},"branchMap":{},"s":{"0":3,"1":3,"2":0,"3":0,"4":3,"5":3},"f":{"0":0},"b":{}}
,"/Users/pastryavenger/Work_Projects/GreenPets/client/src/Features/Response/responseSlice.ts": {"path":"/Users/pastryavenger/Work_Projects/GreenPets/client/src/Features/Response/responseSlice.ts","statementMap":{"0":{"start":{"line":1,"column":0},"end":{"line":1,"column":62}},"1":{"start":{"line":4,"column":35},"end":{"line":7,"column":null}},"2":{"start":{"line":10,"column":22},"end":{"line":19,"column":2}},"3":{"start":{"line":15,"column":12},"end":{"line":15,"column":35}},"4":{"start":{"line":16,"column":12},"end":{"line":16,"column":25}},"5":{"start":{"line":21,"column":14},"end":{"line":21,"column":51}},"6":{"start":{"line":22,"column":0},"end":{"line":22,"column":37}}},"fnMap":{"0":{"name":"(anonymous_0)","decl":{"start":{"line":14,"column":21},"end":{"line":14,"column":22}},"loc":{"start":{"line":14,"column":64},"end":{"line":17,"column":9}}}},"branchMap":{},"s":{"0":3,"1":3,"2":3,"3":0,"4":0,"5":3,"6":3},"f":{"0":0},"b":{}}
,"/Users/pastryavenger/Work_Projects/GreenPets/client/src/Features/modal/modalSlice.ts": {"path":"/Users/pastryavenger/Work_Projects/GreenPets/client/src/Features/modal/modalSlice.ts","statementMap":{"0":{"start":{"line":1,"column":0},"end":{"line":1,"column":47}},"1":{"start":{"line":8,"column":33},"end":{"line":11,"column":2}},"2":{"start":{"line":13,"column":19},"end":{"line":24,"column":2}},"3":{"start":{"line":18,"column":6},"end":{"line":18,"column":26}},"4":{"start":{"line":21,"column":6},"end":{"line":21,"column":27}},"5":{"start":{"line":26,"column":13},"end":{"line":26,"column":41}},"6":{"start":{"line":27,"column":32},"end":{"line":27,"column":77}},"7":{"start":{"line":27,"column":66},"end":{"line":27,"column":77}},"8":{"start":{"line":27,"column":13},"end":{"line":27,"column":32}},"9":{"start":{"line":28,"column":0},"end":{"line":28,"column":34}}},"fnMap":{"0":{"name":"(anonymous_0)","decl":{"start":{"line":17,"column":15},"end":{"line":17,"column":16}},"loc":{"start":{"line":17,"column":25},"end":{"line":19,"column":5}}},"1":{"name":"(anonymous_1)","decl":{"start":{"line":20,"column":16},"end":{"line":20,"column":17}},"loc":{"start":{"line":20,"column":26},"end":{"line":22,"column":5}}},"2":{"name":"(anonymous_2)","decl":{"start":{"line":27,"column":32},"end":{"line":27,"column":33}},"loc":{"start":{"line":27,"column":66},"end":{"line":27,"column":77}}}},"branchMap":{},"s":{"0":3,"1":3,"2":3,"3":0,"4":0,"5":3,"6":3,"7":0,"8":3,"9":3},"f":{"0":0,"1":0,"2":0},"b":{}}
,"/Users/pastryavenger/Work_Projects/GreenPets/client/src/Features/playTime/playTestSlice.ts": {"path":"/Users/pastryavenger/Work_Projects/GreenPets/client/src/Features/playTime/playTestSlice.ts","statementMap":{"0":{"start":{"line":1,"column":0},"end":{"line":1,"column":47}},"1":{"start":{"line":5,"column":26},"end":{"line":8,"column":1}},"2":{"start":{"line":7,"column":2},"end":{"line":7,"column":63}},"3":{"start":{"line":11,"column":25},"end":{"line":31,"column":2}},"4":{"start":{"line":22,"column":6},"end":{"line":22,"column":45}},"5":{"start":{"line":28,"column":6},"end":{"line":28,"column":46}},"6":{"start":{"line":35,"column":13},"end":{"line":39,"column":null}},"7":{"start":{"line":42,"column":0},"end":{"line":42,"column":40}}},"fnMap":{"0":{"name":"(anonymous_0)","decl":{"start":{"line":5,"column":26},"end":{"line":5,"column":29}},"loc":{"start":{"line":5,"column":31},"end":{"line":8,"column":1}}},"1":{"name":"(anonymous_1)","decl":{"start":{"line":21,"column":23},"end":{"line":21,"column":24}},"loc":{"start":{"line":21,"column":33},"end":{"line":23,"column":5}}},"2":{"name":"(anonymous_2)","decl":{"start":{"line":27,"column":23},"end":{"line":27,"column":24}},"loc":{"start":{"line":27,"column":33},"end":{"line":29,"column":5}}}},"branchMap":{},"s":{"0":3,"1":3,"2":0,"3":3,"4":0,"5":0,"6":3,"7":3},"f":{"0":0,"1":0,"2":0},"b":{}}
,"/Users/pastryavenger/Work_Projects/GreenPets/client/src/Features/slider/sliderSlice.ts": {"path":"/Users/pastryavenger/Work_Projects/GreenPets/client/src/Features/slider/sliderSlice.ts","statementMap":{"0":{"start":{"line":1,"column":0},"end":{"line":1,"column":47}},"1":{"start":{"line":7,"column":34},"end":{"line":9,"column":2}},"2":{"start":{"line":11,"column":20},"end":{"line":19,"column":2}},"3":{"start":{"line":16,"column":6},"end":{"line":16,"column":69}},"4":{"start":{"line":21,"column":15},"end":{"line":21,"column":49}},"5":{"start":{"line":22,"column":0},"end":{"line":22,"column":35}}},"fnMap":{"0":{"name":"(anonymous_0)","decl":{"start":{"line":15,"column":15},"end":{"line":15,"column":16}},"loc":{"start":{"line":15,"column":33},"end":{"line":17,"column":5}}}},"branchMap":{},"s":{"0":3,"1":3,"2":3,"3":0,"4":3,"5":3},"f":{"0":0},"b":{}}
,"/Users/pastryavenger/Work_Projects/GreenPets/client/src/Features/userAuth/authSlice.ts": {"path":"/Users/pastryavenger/Work_Projects/GreenPets/client/src/Features/userAuth/authSlice.ts","statementMap":{"0":{"start":{"line":1,"column":0},"end":{"line":1,"column":47}},"1":{"start":{"line":3,"column":18},"end":{"line":16,"column":2}},"2":{"start":{"line":10,"column":6},"end":{"line":10,"column":35}},"3":{"start":{"line":13,"column":6},"end":{"line":13,"column":36}},"4":{"start":{"line":18,"column":13},"end":{"line":18,"column":33}},"5":{"start":{"line":19,"column":37},"end":{"line":19,"column":116}},"6":{"start":{"line":19,"column":90},"end":{"line":19,"column":116}},"7":{"start":{"line":19,"column":13},"end":{"line":19,"column":37}},"8":{"start":{"line":20,"column":0},"end":{"line":20,"column":33}}},"fnMap":{"0":{"name":"(anonymous_0)","decl":{"start":{"line":9,"column":11},"end":{"line":9,"column":12}},"loc":{"start":{"line":9,"column":21},"end":{"line":11,"column":5}}},"1":{"name":"(anonymous_1)","decl":{"start":{"line":12,"column":12},"end":{"line":12,"column":13}},"loc":{"start":{"line":12,"column":22},"end":{"line":14,"column":5}}},"2":{"name":"(anonymous_2)","decl":{"start":{"line":19,"column":37},"end":{"line":19,"column":38}},"loc":{"start":{"line":19,"column":90},"end":{"line":19,"column":116}}}},"branchMap":{},"s":{"0":3,"1":3,"2":0,"3":0,"4":3,"5":3,"6":0,"7":3,"8":3},"f":{"0":0,"1":0,"2":0},"b":{}}
,"/Users/pastryavenger/Work_Projects/GreenPets/client/src/Features/userAuth/loginSlice.ts": {"path":"/Users/pastryavenger/Work_Projects/GreenPets/client/src/Features/userAuth/loginSlice.ts","statementMap":{"0":{"start":{"line":1,"column":0},"end":{"line":1,"column":47}},"1":{"start":{"line":7,"column":42},"end":{"line":9,"column":2}},"2":{"start":{"line":11,"column":19},"end":{"line":22,"column":2}},"3":{"start":{"line":16,"column":6},"end":{"line":16,"column":31}},"4":{"start":{"line":19,"column":6},"end":{"line":19,"column":32}},"5":{"start":{"line":24,"column":13},"end":{"line":24,"column":41}},"6":{"start":{"line":25,"column":0},"end":{"line":25,"column":34}}},"fnMap":{"0":{"name":"(anonymous_0)","decl":{"start":{"line":15,"column":15},"end":{"line":15,"column":16}},"loc":{"start":{"line":15,"column":25},"end":{"line":17,"column":5}}},"1":{"name":"(anonymous_1)","decl":{"start":{"line":18,"column":16},"end":{"line":18,"column":17}},"loc":{"start":{"line":18,"column":26},"end":{"line":20,"column":5}}}},"branchMap":{},"s":{"0":3,"1":3,"2":3,"3":0,"4":0,"5":3,"6":3},"f":{"0":0,"1":0},"b":{}}
,"/Users/pastryavenger/Work_Projects/GreenPets/client/src/Features/userAuth/signUpSlice.ts": {"path":"/Users/pastryavenger/Work_Projects/GreenPets/client/src/Features/userAuth/signUpSlice.ts","statementMap":{"0":{"start":{"line":1,"column":0},"end":{"line":1,"column":47}},"1":{"start":{"line":7,"column":43},"end":{"line":9,"column":2}},"2":{"start":{"line":11,"column":20},"end":{"line":22,"column":2}},"3":{"start":{"line":16,"column":6},"end":{"line":16,"column":32}},"4":{"start":{"line":19,"column":6},"end":{"line":19,"column":33}},"5":{"start":{"line":24,"column":13},"end":{"line":24,"column":43}},"6":{"start":{"line":25,"column":0},"end":{"line":25,"column":35}}},"fnMap":{"0":{"name":"(anonymous_0)","decl":{"start":{"line":15,"column":16},"end":{"line":15,"column":17}},"loc":{"start":{"line":15,"column":26},"end":{"line":17,"column":5}}},"1":{"name":"(anonymous_1)","decl":{"start":{"line":18,"column":17},"end":{"line":18,"column":18}},"loc":{"start":{"line":18,"column":27},"end":{"line":20,"column":5}}}},"branchMap":{},"s":{"0":3,"1":3,"2":3,"3":0,"4":0,"5":3,"6":3},"f":{"0":0,"1":0},"b":{}}
,"/Users/pastryavenger/Work_Projects/GreenPets/client/src/Hooks/hooks.ts": {"path":"/Users/pastryavenger/Work_Projects/GreenPets/client/src/Hooks/hooks.ts","statementMap":{"0":{"start":{"line":2,"column":0},"end":{"line":2,"column":54}},"1":{"start":{"line":7,"column":13},"end":{"line":7,"column":null}},"2":{"start":{"line":8,"column":13},"end":{"line":8,"column":null}}},"fnMap":{},"branchMap":{},"s":{"0":1,"1":1,"2":1},"f":{},"b":{}}
,"/Users/pastryavenger/Work_Projects/GreenPets/client/src/assets/index.ts": {"path":"/Users/pastryavenger/Work_Projects/GreenPets/client/src/assets/index.ts","statementMap":{"0":{"start":{"line":2,"column":0},"end":{"line":2,"column":7}},"1":{"start":{"line":29,"column":4},"end":{"line":2,"column":58}},"2":{"start":{"line":3,"column":0},"end":{"line":3,"column":7}},"3":{"start":{"line":30,"column":4},"end":{"line":3,"column":49}},"4":{"start":{"line":4,"column":0},"end":{"line":4,"column":7}},"5":{"start":{"line":31,"column":4},"end":{"line":4,"column":59}},"6":{"start":{"line":5,"column":0},"end":{"line":5,"column":7}},"7":{"start":{"line":32,"column":4},"end":{"line":5,"column":48}},"8":{"start":{"line":7,"column":0},"end":{"line":7,"column":7}},"9":{"start":{"line":33,"column":4},"end":{"line":7,"column":39}},"10":{"start":{"line":8,"column":0},"end":{"line":8,"column":7}},"11":{"start":{"line":34,"column":4},"end":{"line":8,"column":41}},"12":{"start":{"line":9,"column":0},"end":{"line":9,"column":7}},"13":{"start":{"line":38,"column":4},"end":{"line":9,"column":41}},"14":{"start":{"line":10,"column":0},"end":{"line":10,"column":7}},"15":{"start":{"line":35,"column":4},"end":{"line":10,"column":36}},"16":{"start":{"line":11,"column":0},"end":{"line":11,"column":7}},"17":{"start":{"line":36,"column":4},"end":{"line":11,"column":34}},"18":{"start":{"line":12,"column":0},"end":{"line":12,"column":7}},"19":{"start":{"line":37,"column":4},"end":{"line":12,"column":36}},"20":{"start":{"line":14,"column":0},"end":{"line":14,"column":7}},"21":{"start":{"line":39,"column":4},"end":{"line":14,"column":58}},"22":{"start":{"line":17,"column":0},"end":{"line":17,"column":34}},"23":{"start":{"line":18,"column":0},"end":{"line":18,"column":34}},"24":{"start":{"line":19,"column":0},"end":{"line":19,"column":34}},"25":{"start":{"line":21,"column":0},"end":{"line":21,"column":7}},"26":{"start":{"line":41,"column":4},"end":{"line":21,"column":64}},"27":{"start":{"line":23,"column":15},"end":{"line":27,"column":2}},"28":{"start":{"line":40,"column":4},"end":{"line":40,"column":10}}},"fnMap":{},"branchMap":{},"s":{"0":3,"1":3,"2":3,"3":3,"4":3,"5":3,"6":3,"7":3,"8":3,"9":3,"10":3,"11":3,"12":3,"13":3,"14":3,"15":3,"16":3,"17":3,"18":3,"19":3,"20":3,"21":3,"22":3,"23":3,"24":3,"25":3,"26":3,"27":3,"28":3},"f":{},"b":{}}
,"/Users/pastryavenger/Work_Projects/GreenPets/client/src/components/FlipCard.tsx": {"path":"/Users/pastryavenger/Work_Projects/GreenPets/client/src/components/FlipCard.tsx","statementMap":{"0":{"start":{"line":1,"column":0},"end":{"line":1,"column":40}},"1":{"start":{"line":2,"column":0},"end":{"line":2,"column":49}},"2":{"start":{"line":3,"column":0},"end":{"line":3,"column":39}},"3":{"start":{"line":5,"column":0},"end":{"line":5,"column":42}},"4":{"start":{"line":12,"column":18},"end":{"line":44,"column":2}},"5":{"start":{"line":46,"column":10},"end":{"line":58,"column":2}},"6":{"start":{"line":60,"column":17},"end":{"line":67,"column":2}},"7":{"start":{"line":69,"column":19},"end":{"line":75,"column":2}},"8":{"start":{"line":77,"column":13},"end":{"line":108,"column":2}},"9":{"start":{"line":90,"column":33},"end":{"line":90,"column":59}},"10":{"start":{"line":102,"column":24},"end":{"line":102,"column":52}},"11":{"start":{"line":106,"column":24},"end":{"line":106,"column":52}},"12":{"start":{"line":110,"column":13},"end":{"line":118,"column":2}},"13":{"start":{"line":120,"column":42},"end":{"line":154,"column":1}},"14":{"start":{"line":121,"column":25},"end":{"line":121,"column":40}},"15":{"start":{"line":122,"column":33},"end":{"line":126,"column":4}},"16":{"start":{"line":128,"column":21},"end":{"line":128,"column":87}},"17":{"start":{"line":128,"column":55},"end":{"line":128,"column":86}},"18":{"start":{"line":130,"column":2},"end":{"line":153,"column":4}},"19":{"start":{"line":131,"column":30},"end":{"line":131,"column":52}},"20":{"start":{"line":131,"column":45},"end":{"line":131,"column":51}},"21":{"start":{"line":135,"column":44},"end":{"line":135,"column":49}},"22":{"start":{"line":156,"column":0},"end":{"line":156,"column":24}}},"fnMap":{"0":{"name":"(anonymous_1)","decl":{"start":{"line":90,"column":22},"end":{"line":90,"column":23}},"loc":{"start":{"line":90,"column":33},"end":{"line":90,"column":59}}},"1":{"name":"(anonymous_2)","decl":{"start":{"line":102,"column":13},"end":{"line":102,"column":14}},"loc":{"start":{"line":102,"column":24},"end":{"line":102,"column":52}}},"2":{"name":"(anonymous_3)","decl":{"start":{"line":106,"column":13},"end":{"line":106,"column":14}},"loc":{"start":{"line":106,"column":24},"end":{"line":106,"column":52}}},"3":{"name":"(anonymous_4)","decl":{"start":{"line":120,"column":42},"end":{"line":120,"column":43}},"loc":{"start":{"line":120,"column":55},"end":{"line":154,"column":1}}},"4":{"name":"(anonymous_5)","decl":{"start":{"line":128,"column":33},"end":{"line":128,"column":34}},"loc":{"start":{"line":128,"column":55},"end":{"line":128,"column":86}}},"5":{"name":"(anonymous_6)","decl":{"start":{"line":131,"column":24},"end":{"line":131,"column":27}},"loc":{"start":{"line":131,"column":30},"end":{"line":131,"column":52}}},"6":{"name":"(anonymous_7)","decl":{"start":{"line":131,"column":34},"end":{"line":131,"column":35}},"loc":{"start":{"line":131,"column":45},"end":{"line":131,"column":51}}},"7":{"name":"(anonymous_8)","decl":{"start":{"line":135,"column":37},"end":{"line":135,"column":38}},"loc":{"start":{"line":135,"column":44},"end":{"line":135,"column":49}}}},"branchMap":{"0":{"loc":{"start":{"line":123,"column":13},"end":{"line":123,"column":28}},"type":"cond-expr","locations":[{"start":{"line":123,"column":23},"end":{"line":123,"column":24}},{"start":{"line":123,"column":27},"end":{"line":123,"column":28}}]},"1":{"loc":{"start":{"line":124,"column":45},"end":{"line":124,"column":62}},"type":"cond-expr","locations":[{"start":{"line":124,"column":55},"end":{"line":124,"column":58}},{"start":{"line":124,"column":61},"end":{"line":124,"column":62}}]},"2":{"loc":{"start":{"line":134,"column":19},"end":{"line":134,"column":41}},"type":"cond-expr","locations":[{"start":{"line":134,"column":29},"end":{"line":134,"column":36}},{"start":{"line":134,"column":39},"end":{"line":134,"column":41}}]},"3":{"loc":{"start":{"line":143,"column":19},"end":{"line":143,"column":40}},"type":"cond-expr","locations":[{"start":{"line":143,"column":29},"end":{"line":143,"column":35}},{"start":{"line":143,"column":38},"end":{"line":143,"column":40}}]},"4":{"loc":{"start":{"line":149,"column":21},"end":{"line":149,"column":61}},"type":"cond-expr","locations":[{"start":{"line":149,"column":34},"end":{"line":149,"column":46}},{"start":{"line":149,"column":49},"end":{"line":149,"column":61}}]}},"s":{"0":1,"1":1,"2":1,"3":1,"4":1,"5":1,"6":1,"7":1,"8":1,"9":4,"10":4,"11":4,"12":1,"13":1,"14":4,"15":4,"16":4,"17":8,"18":4,"19":0,"20":0,"21":4,"22":1},"f":{"0":4,"1":4,"2":4,"3":4,"4":8,"5":0,"6":0,"7":4},"b":{"0":[0,4],"1":[0,4],"2":[0,4],"3":[0,4],"4":[0,4]}}
,"/Users/pastryavenger/Work_Projects/GreenPets/client/src/components/Navbar.tsx": {"path":"/Users/pastryavenger/Work_Projects/GreenPets/client/src/components/Navbar.tsx","statementMap":{"0":{"start":{"line":1,"column":0},"end":{"line":1,"column":41}},"1":{"start":{"line":2,"column":0},"end":{"line":2,"column":39}},"2":{"start":{"line":3,"column":0},"end":{"line":3,"column":49}},"3":{"start":{"line":4,"column":0},"end":{"line":4,"column":59}},"4":{"start":{"line":5,"column":0},"end":{"line":5,"column":63}},"5":{"start":{"line":6,"column":0},"end":{"line":6,"column":55}},"6":{"start":{"line":8,"column":0},"end":{"line":8,"column":65}},"7":{"start":{"line":9,"column":0},"end":{"line":9,"column":69}},"8":{"start":{"line":10,"column":0},"end":{"line":10,"column":49}},"9":{"start":{"line":11,"column":0},"end":{"line":11,"column":36}},"10":{"start":{"line":12,"column":0},"end":{"line":12,"column":49}},"11":{"start":{"line":13,"column":0},"end":{"line":13,"column":48}},"12":{"start":{"line":14,"column":0},"end":{"line":14,"column":67}},"13":{"start":{"line":15,"column":0},"end":{"line":15,"column":42}},"14":{"start":{"line":24,"column":22},"end":{"line":32,"column":2}},"15":{"start":{"line":34,"column":17},"end":{"line":42,"column":2}},"16":{"start":{"line":44,"column":11},"end":{"line":65,"column":2}},"17":{"start":{"line":53,"column":6},"end":{"line":55,"column":7}},"18":{"start":{"line":54,"column":8},"end":{"line":54,"column":null}},"19":{"start":{"line":66,"column":11},"end":{"line":96,"column":2}},"20":{"start":{"line":98,"column":21},"end":{"line":107,"column":null}},"21":{"start":{"line":109,"column":20},"end":{"line":118,"column":2}},"22":{"start":{"line":120,"column":19},"end":{"line":126,"column":null}},"23":{"start":{"line":128,"column":20},"end":{"line":135,"column":2}},"24":{"start":{"line":137,"column":25},"end":{"line":269,"column":1}},"25":{"start":{"line":138,"column":19},"end":{"line":138,"column":32}},"26":{"start":{"line":139,"column":18},"end":{"line":139,"column":77}},"27":{"start":{"line":139,"column":54},"end":{"line":139,"column":76}},"28":{"start":{"line":141,"column":26},"end":{"line":142,"column":null}},"29":{"start":{"line":142,"column":26},"end":{"line":142,"column":63}},"30":{"start":{"line":145,"column":2},"end":{"line":162,"column":34}},"31":{"start":{"line":149,"column":25},"end":{"line":155,"column":5}},"32":{"start":{"line":153,"column":24},"end":{"line":153,"column":44}},"33":{"start":{"line":154,"column":6},"end":{"line":154,"column":47}},"34":{"start":{"line":157,"column":4},"end":{"line":157,"column":52}},"35":{"start":{"line":158,"column":4},"end":{"line":160,"column":6}},"36":{"start":{"line":159,"column":6},"end":{"line":159,"column":57}},"37":{"start":{"line":165,"column":28},"end":{"line":167,"column":3}},"38":{"start":{"line":166,"column":4},"end":{"line":166,"column":29}},"39":{"start":{"line":170,"column":2},"end":{"line":268,"column":4}},"40":{"start":{"line":177,"column":50},"end":{"line":177,"column":82}},"41":{"start":{"line":177,"column":134},"end":{"line":177,"column":165}},"42":{"start":{"line":186,"column":39},"end":{"line":186,"column":71}},"43":{"start":{"line":199,"column":39},"end":{"line":199,"column":71}},"44":{"start":{"line":212,"column":39},"end":{"line":212,"column":71}},"45":{"start":{"line":225,"column":39},"end":{"line":225,"column":71}},"46":{"start":{"line":238,"column":39},"end":{"line":238,"column":71}},"47":{"start":{"line":252,"column":73},"end":{"line":252,"column":93}},"48":{"start":{"line":252,"column":94},"end":{"line":252,"column":127}},"49":{"start":{"line":271,"column":0},"end":{"line":271,"column":22}}},"fnMap":{"0":{"name":"(anonymous_1)","decl":{"start":{"line":52,"column":6},"end":{"line":52,"column":7}},"loc":{"start":{"line":52,"column":16},"end":{"line":56,"column":5}}},"1":{"name":"(anonymous_2)","decl":{"start":{"line":137,"column":25},"end":{"line":137,"column":28}},"loc":{"start":{"line":137,"column":30},"end":{"line":269,"column":1}}},"2":{"name":"(anonymous_3)","decl":{"start":{"line":139,"column":33},"end":{"line":139,"column":34}},"loc":{"start":{"line":139,"column":54},"end":{"line":139,"column":76}}},"3":{"name":"(anonymous_4)","decl":{"start":{"line":142,"column":4},"end":{"line":142,"column":5}},"loc":{"start":{"line":142,"column":26},"end":{"line":142,"column":63}}},"4":{"name":"(anonymous_5)","decl":{"start":{"line":145,"column":12},"end":{"line":145,"column":15}},"loc":{"start":{"line":145,"column":17},"end":{"line":162,"column":3}}},"5":{"name":"(anonymous_6)","decl":{"start":{"line":149,"column":25},"end":{"line":149,"column":28}},"loc":{"start":{"line":149,"column":30},"end":{"line":155,"column":5}}},"6":{"name":"(anonymous_7)","decl":{"start":{"line":158,"column":11},"end":{"line":158,"column":14}},"loc":{"start":{"line":158,"column":16},"end":{"line":160,"column":5}}},"7":{"name":"(anonymous_8)","decl":{"start":{"line":165,"column":28},"end":{"line":165,"column":31}},"loc":{"start":{"line":165,"column":33},"end":{"line":167,"column":3}}},"8":{"name":"(anonymous_9)","decl":{"start":{"line":177,"column":44},"end":{"line":177,"column":47}},"loc":{"start":{"line":177,"column":50},"end":{"line":177,"column":82}}},"9":{"name":"(anonymous_10)","decl":{"start":{"line":177,"column":128},"end":{"line":177,"column":131}},"loc":{"start":{"line":177,"column":134},"end":{"line":177,"column":165}}},"10":{"name":"(anonymous_11)","decl":{"start":{"line":186,"column":33},"end":{"line":186,"column":36}},"loc":{"start":{"line":186,"column":39},"end":{"line":186,"column":71}}},"11":{"name":"(anonymous_12)","decl":{"start":{"line":199,"column":33},"end":{"line":199,"column":36}},"loc":{"start":{"line":199,"column":39},"end":{"line":199,"column":71}}},"12":{"name":"(anonymous_13)","decl":{"start":{"line":212,"column":33},"end":{"line":212,"column":36}},"loc":{"start":{"line":212,"column":39},"end":{"line":212,"column":71}}},"13":{"name":"(anonymous_14)","decl":{"start":{"line":225,"column":33},"end":{"line":225,"column":36}},"loc":{"start":{"line":225,"column":39},"end":{"line":225,"column":71}}},"14":{"name":"(anonymous_15)","decl":{"start":{"line":238,"column":33},"end":{"line":238,"column":36}},"loc":{"start":{"line":238,"column":39},"end":{"line":238,"column":71}}},"15":{"name":"(anonymous_16)","decl":{"start":{"line":252,"column":66},"end":{"line":252,"column":69}},"loc":{"start":{"line":252,"column":71},"end":{"line":252,"column":128}}}},"branchMap":{"0":{"loc":{"start":{"line":53,"column":6},"end":{"line":55,"column":7}},"type":"if","locations":[{"start":{"line":53,"column":6},"end":{"line":55,"column":7}}]},"1":{"loc":{"start":{"line":177,"column":13},"end":{"line":177,"column":168}},"type":"cond-expr","locations":[{"start":{"line":177,"column":23},"end":{"line":177,"column":85}},{"start":{"line":177,"column":88},"end":{"line":177,"column":168}}]}},"s":{"0":1,"1":1,"2":1,"3":1,"4":1,"5":1,"6":1,"7":1,"8":1,"9":1,"10":1,"11":1,"12":1,"13":1,"14":1,"15":1,"16":1,"17":6,"18":6,"19":1,"20":1,"21":1,"22":1,"23":1,"24":1,"25":7,"26":6,"27":14,"28":6,"29":14,"30":6,"31":6,"32":2,"33":2,"34":6,"35":6,"36":6,"37":6,"38":1,"39":6,"40":0,"41":0,"42":0,"43":0,"44":0,"45":0,"46":0,"47":1,"48":1,"49":1},"f":{"0":6,"1":7,"2":14,"3":14,"4":6,"5":2,"6":6,"7":1,"8":0,"9":0,"10":0,"11":0,"12":0,"13":0,"14":0,"15":1},"b":{"0":[6],"1":[0,6]}}
,"/Users/pastryavenger/Work_Projects/GreenPets/client/src/components/RoadmapCard.tsx": {"path":"/Users/pastryavenger/Work_Projects/GreenPets/client/src/components/RoadmapCard.tsx","statementMap":{"0":{"start":{"line":1,"column":0},"end":{"line":1,"column":39}},"1":{"start":{"line":2,"column":0},"end":{"line":2,"column":34}},"2":{"start":{"line":5,"column":29},"end":{"line":17,"column":2}},"3":{"start":{"line":19,"column":48},"end":{"line":33,"column":1}},"4":{"start":{"line":25,"column":2},"end":{"line":32,"column":4}},"5":{"start":{"line":35,"column":0},"end":{"line":35,"column":27}}},"fnMap":{"0":{"name":"(anonymous_1)","decl":{"start":{"line":19,"column":48},"end":{"line":19,"column":49}},"loc":{"start":{"line":24,"column":5},"end":{"line":33,"column":1}}}},"branchMap":{},"s":{"0":1,"1":1,"2":1,"3":1,"4":4,"5":1},"f":{"0":4},"b":{}}
,"/Users/pastryavenger/Work_Projects/GreenPets/client/src/components/HomePageSections/AboutSection.tsx": {"path":"/Users/pastryavenger/Work_Projects/GreenPets/client/src/components/HomePageSections/AboutSection.tsx","statementMap":{"0":{"start":{"line":2,"column":0},"end":{"line":2,"column":39}},"1":{"start":{"line":3,"column":0},"end":{"line":3,"column":55}},"2":{"start":{"line":4,"column":0},"end":{"line":4,"column":42}},"3":{"start":{"line":6,"column":0},"end":{"line":6,"column":53}},"4":{"start":{"line":8,"column":30},"end":{"line":26,"column":2}},"5":{"start":{"line":22,"column":33},"end":{"line":22,"column":59}},"6":{"start":{"line":23,"column":27},"end":{"line":23,"column":66}},"7":{"start":{"line":28,"column":20},"end":{"line":41,"column":2}},"8":{"start":{"line":30,"column":20},"end":{"line":30,"column":48}},"9":{"start":{"line":31,"column":31},"end":{"line":31,"column":57}},"10":{"start":{"line":43,"column":22},"end":{"line":53,"column":2}},"11":{"start":{"line":45,"column":20},"end":{"line":45,"column":48}},"12":{"start":{"line":55,"column":18},"end":{"line":67,"column":2}},"13":{"start":{"line":58,"column":20},"end":{"line":58,"column":48}},"14":{"start":{"line":69,"column":18},"end":{"line":73,"column":2}},"15":{"start":{"line":75,"column":31},"end":{"line":108,"column":1}},"16":{"start":{"line":76,"column":21},"end":{"line":77,"column":36}},"17":{"start":{"line":77,"column":4},"end":{"line":77,"column":35}},"18":{"start":{"line":78,"column":2},"end":{"line":107,"column":4}},"19":{"start":{"line":110,"column":0},"end":{"line":110,"column":28}}},"fnMap":{"0":{"name":"(anonymous_1)","decl":{"start":{"line":22,"column":24},"end":{"line":22,"column":29}},"loc":{"start":{"line":22,"column":33},"end":{"line":22,"column":59}}},"1":{"name":"(anonymous_2)","decl":{"start":{"line":23,"column":18},"end":{"line":23,"column":23}},"loc":{"start":{"line":23,"column":27},"end":{"line":23,"column":66}}},"2":{"name":"(anonymous_3)","decl":{"start":{"line":30,"column":11},"end":{"line":30,"column":16}},"loc":{"start":{"line":30,"column":20},"end":{"line":30,"column":48}}},"3":{"name":"(anonymous_4)","decl":{"start":{"line":31,"column":22},"end":{"line":31,"column":27}},"loc":{"start":{"line":31,"column":31},"end":{"line":31,"column":57}}},"4":{"name":"(anonymous_5)","decl":{"start":{"line":45,"column":11},"end":{"line":45,"column":16}},"loc":{"start":{"line":45,"column":20},"end":{"line":45,"column":48}}},"5":{"name":"(anonymous_6)","decl":{"start":{"line":58,"column":11},"end":{"line":58,"column":16}},"loc":{"start":{"line":58,"column":20},"end":{"line":58,"column":48}}},"6":{"name":"(anonymous_7)","decl":{"start":{"line":75,"column":31},"end":{"line":75,"column":34}},"loc":{"start":{"line":75,"column":36},"end":{"line":108,"column":1}}},"7":{"name":"(anonymous_8)","decl":{"start":{"line":76,"column":33},"end":{"line":76,"column":34}},"loc":{"start":{"line":77,"column":4},"end":{"line":77,"column":35}}}},"branchMap":{"0":{"loc":{"start":{"line":85,"column":15},"end":{"line":85,"column":44}},"type":"cond-expr","locations":[{"start":{"line":85,"column":28},"end":{"line":85,"column":34}},{"start":{"line":85,"column":37},"end":{"line":85,"column":44}}]}},"s":{"0":1,"1":1,"2":1,"3":1,"4":1,"5":5,"6":5,"7":1,"8":5,"9":5,"10":1,"11":5,"12":1,"13":5,"14":1,"15":1,"16":5,"17":10,"18":5,"19":1},"f":{"0":5,"1":5,"2":5,"3":5,"4":5,"5":5,"6":5,"7":10},"b":{"0":[3,2]}}
,"/Users/pastryavenger/Work_Projects/GreenPets/client/src/components/HomePageSections/FeaturesSection.tsx": {"path":"/Users/pastryavenger/Work_Projects/GreenPets/client/src/components/HomePageSections/FeaturesSection.tsx","statementMap":{"0":{"start":{"line":2,"column":0},"end":{"line":2,"column":39}},"1":{"start":{"line":3,"column":0},"end":{"line":3,"column":55}},"2":{"start":{"line":4,"column":0},"end":{"line":4,"column":41}},"3":{"start":{"line":5,"column":0},"end":{"line":5,"column":67}},"4":{"start":{"line":7,"column":33},"end":{"line":21,"column":null}},"5":{"start":{"line":12,"column":31},"end":{"line":12,"column":57}},"6":{"start":{"line":13,"column":25},"end":{"line":13,"column":64}},"7":{"start":{"line":22,"column":22},"end":{"line":34,"column":null}},"8":{"start":{"line":24,"column":31},"end":{"line":24,"column":57}},"9":{"start":{"line":26,"column":20},"end":{"line":26,"column":48}},"10":{"start":{"line":36,"column":31},"end":{"line":43,"column":null}},"11":{"start":{"line":45,"column":20},"end":{"line":49,"column":null}},"12":{"start":{"line":51,"column":34},"end":{"line":76,"column":1}},"13":{"start":{"line":54,"column":2},"end":{"line":75,"column":null}},"14":{"start":{"line":62,"column":12},"end":{"line":62,"column":null}},"15":{"start":{"line":78,"column":0},"end":{"line":78,"column":31}}},"fnMap":{"0":{"name":"(anonymous_1)","decl":{"start":{"line":12,"column":22},"end":{"line":12,"column":27}},"loc":{"start":{"line":12,"column":31},"end":{"line":12,"column":57}}},"1":{"name":"(anonymous_2)","decl":{"start":{"line":13,"column":16},"end":{"line":13,"column":21}},"loc":{"start":{"line":13,"column":25},"end":{"line":13,"column":64}}},"2":{"name":"(anonymous_3)","decl":{"start":{"line":24,"column":22},"end":{"line":24,"column":27}},"loc":{"start":{"line":24,"column":31},"end":{"line":24,"column":57}}},"3":{"name":"(anonymous_4)","decl":{"start":{"line":26,"column":11},"end":{"line":26,"column":16}},"loc":{"start":{"line":26,"column":20},"end":{"line":26,"column":48}}},"4":{"name":"(anonymous_5)","decl":{"start":{"line":51,"column":34},"end":{"line":51,"column":37}},"loc":{"start":{"line":51,"column":39},"end":{"line":76,"column":1}}},"5":{"name":"(anonymous_6)","decl":{"start":{"line":61,"column":28},"end":{"line":61,"column":29}},"loc":{"start":{"line":62,"column":12},"end":{"line":62,"column":null}}}},"branchMap":{},"s":{"0":1,"1":1,"2":1,"3":1,"4":1,"5":3,"6":3,"7":1,"8":3,"9":3,"10":1,"11":1,"12":1,"13":3,"14":3,"15":1},"f":{"0":3,"1":3,"2":3,"3":3,"4":3,"5":3},"b":{}}
,"/Users/pastryavenger/Work_Projects/GreenPets/client/src/components/HomePageSections/HeroSection.tsx": {"path":"/Users/pastryavenger/Work_Projects/GreenPets/client/src/components/HomePageSections/HeroSection.tsx","statementMap":{"0":{"start":{"line":2,"column":0},"end":{"line":2,"column":40}},"1":{"start":{"line":3,"column":0},"end":{"line":3,"column":39}},"2":{"start":{"line":4,"column":0},"end":{"line":4,"column":52}},"3":{"start":{"line":5,"column":0},"end":{"line":5,"column":55}},"4":{"start":{"line":6,"column":0},"end":{"line":6,"column":42}},"5":{"start":{"line":8,"column":0},"end":{"line":8,"column":53}},"6":{"start":{"line":10,"column":29},"end":{"line":25,"column":2}},"7":{"start":{"line":13,"column":33},"end":{"line":13,"column":59}},"8":{"start":{"line":14,"column":27},"end":{"line":14,"column":66}},"9":{"start":{"line":27,"column":16},"end":{"line":35,"column":2}},"10":{"start":{"line":37,"column":22},"end":{"line":60,"column":2}},"11":{"start":{"line":38,"column":22},"end":{"line":38,"column":50}},"12":{"start":{"line":39,"column":27},"end":{"line":39,"column":56}},"13":{"start":{"line":62,"column":20},"end":{"line":67,"column":2}},"14":{"start":{"line":69,"column":32},"end":{"line":79,"column":2}},"15":{"start":{"line":81,"column":14},"end":{"line":86,"column":2}},"16":{"start":{"line":88,"column":16},"end":{"line":92,"column":2}},"17":{"start":{"line":94,"column":22},"end":{"line":117,"column":2}},"18":{"start":{"line":100,"column":33},"end":{"line":100,"column":59}},"19":{"start":{"line":107,"column":22},"end":{"line":107,"column":50}},"20":{"start":{"line":114,"column":35},"end":{"line":114,"column":63}},"21":{"start":{"line":115,"column":24},"end":{"line":115,"column":50}},"22":{"start":{"line":119,"column":30},"end":{"line":149,"column":1}},"23":{"start":{"line":120,"column":21},"end":{"line":121,"column":null}},"24":{"start":{"line":121,"column":26},"end":{"line":121,"column":57}},"25":{"start":{"line":124,"column":2},"end":{"line":148,"column":4}},"26":{"start":{"line":151,"column":0},"end":{"line":151,"column":27}}},"fnMap":{"0":{"name":"(anonymous_1)","decl":{"start":{"line":13,"column":22},"end":{"line":13,"column":23}},"loc":{"start":{"line":13,"column":33},"end":{"line":13,"column":59}}},"1":{"name":"(anonymous_2)","decl":{"start":{"line":14,"column":16},"end":{"line":14,"column":17}},"loc":{"start":{"line":14,"column":27},"end":{"line":14,"column":66}}},"2":{"name":"(anonymous_3)","decl":{"start":{"line":38,"column":11},"end":{"line":38,"column":12}},"loc":{"start":{"line":38,"column":22},"end":{"line":38,"column":50}}},"3":{"name":"(anonymous_4)","decl":{"start":{"line":39,"column":16},"end":{"line":39,"column":17}},"loc":{"start":{"line":39,"column":27},"end":{"line":39,"column":56}}},"4":{"name":"(anonymous_5)","decl":{"start":{"line":100,"column":22},"end":{"line":100,"column":23}},"loc":{"start":{"line":100,"column":33},"end":{"line":100,"column":59}}},"5":{"name":"(anonymous_6)","decl":{"start":{"line":107,"column":11},"end":{"line":107,"column":12}},"loc":{"start":{"line":107,"column":22},"end":{"line":107,"column":50}}},"6":{"name":"(anonymous_7)","decl":{"start":{"line":114,"column":24},"end":{"line":114,"column":25}},"loc":{"start":{"line":114,"column":35},"end":{"line":114,"column":63}}},"7":{"name":"(anonymous_8)","decl":{"start":{"line":115,"column":13},"end":{"line":115,"column":14}},"loc":{"start":{"line":115,"column":24},"end":{"line":115,"column":50}}},"8":{"name":"(anonymous_9)","decl":{"start":{"line":119,"column":30},"end":{"line":119,"column":33}},"loc":{"start":{"line":119,"column":35},"end":{"line":149,"column":1}}},"9":{"name":"(anonymous_10)","decl":{"start":{"line":121,"column":4},"end":{"line":121,"column":5}},"loc":{"start":{"line":121,"column":26},"end":{"line":121,"column":57}}}},"branchMap":{"0":{"loc":{"start":{"line":129,"column":26},"end":{"line":129,"column":55}},"type":"cond-expr","locations":[{"start":{"line":129,"column":39},"end":{"line":129,"column":45}},{"start":{"line":129,"column":48},"end":{"line":129,"column":55}}]}},"s":{"0":1,"1":1,"2":1,"3":1,"4":1,"5":1,"6":1,"7":2,"8":2,"9":1,"10":1,"11":2,"12":2,"13":1,"14":1,"15":1,"16":1,"17":1,"18":2,"19":2,"20":2,"21":2,"22":1,"23":2,"24":4,"25":2,"26":1},"f":{"0":2,"1":2,"2":2,"3":2,"4":2,"5":2,"6":2,"7":2,"8":2,"9":4},"b":{"0":[0,2]}}
,"/Users/pastryavenger/Work_Projects/GreenPets/client/src/components/HomePageSections/Roadmap.tsx": {"path":"/Users/pastryavenger/Work_Projects/GreenPets/client/src/components/HomePageSections/Roadmap.tsx","statementMap":{"0":{"start":{"line":1,"column":0},"end":{"line":1,"column":39}},"1":{"start":{"line":2,"column":0},"end":{"line":2,"column":54}},"2":{"start":{"line":3,"column":0},"end":{"line":3,"column":null}},"3":{"start":{"line":12,"column":0},"end":{"line":12,"column":41}},"4":{"start":{"line":14,"column":43},"end":{"line":43,"column":2}},"5":{"start":{"line":45,"column":20},"end":{"line":49,"column":2}},"6":{"start":{"line":51,"column":18},"end":{"line":78,"column":2}},"7":{"start":{"line":56,"column":33},"end":{"line":56,"column":59}},"8":{"start":{"line":57,"column":27},"end":{"line":57,"column":66}},"9":{"start":{"line":62,"column":24},"end":{"line":62,"column":50}},"10":{"start":{"line":63,"column":35},"end":{"line":63,"column":63}},"11":{"start":{"line":80,"column":21},"end":{"line":99,"column":2}},"12":{"start":{"line":92,"column":24},"end":{"line":92,"column":52}},"13":{"start":{"line":97,"column":24},"end":{"line":97,"column":52}},"14":{"start":{"line":101,"column":24},"end":{"line":104,"column":2}},"15":{"start":{"line":106,"column":22},"end":{"line":113,"column":null}},"16":{"start":{"line":110,"column":21},"end":{"line":110,"column":49}},"17":{"start":{"line":115,"column":16},"end":{"line":138,"column":1}},"18":{"start":{"line":116,"column":2},"end":{"line":137,"column":4}},"19":{"start":{"line":123,"column":12},"end":{"line":124,"column":null}},"20":{"start":{"line":140,"column":0},"end":{"line":140,"column":23}}},"fnMap":{"0":{"name":"(anonymous_1)","decl":{"start":{"line":56,"column":22},"end":{"line":56,"column":23}},"loc":{"start":{"line":56,"column":33},"end":{"line":56,"column":59}}},"1":{"name":"(anonymous_2)","decl":{"start":{"line":57,"column":16},"end":{"line":57,"column":17}},"loc":{"start":{"line":57,"column":27},"end":{"line":57,"column":66}}},"2":{"name":"(anonymous_3)","decl":{"start":{"line":62,"column":13},"end":{"line":62,"column":14}},"loc":{"start":{"line":62,"column":24},"end":{"line":62,"column":50}}},"3":{"name":"(anonymous_4)","decl":{"start":{"line":63,"column":24},"end":{"line":63,"column":25}},"loc":{"start":{"line":63,"column":35},"end":{"line":63,"column":63}}},"4":{"name":"(anonymous_5)","decl":{"start":{"line":92,"column":13},"end":{"line":92,"column":14}},"loc":{"start":{"line":92,"column":24},"end":{"line":92,"column":52}}},"5":{"name":"(anonymous_6)","decl":{"start":{"line":97,"column":13},"end":{"line":97,"column":14}},"loc":{"start":{"line":97,"column":24},"end":{"line":97,"column":52}}},"6":{"name":"(anonymous_7)","decl":{"start":{"line":110,"column":10},"end":{"line":110,"column":11}},"loc":{"start":{"line":110,"column":21},"end":{"line":110,"column":49}}},"7":{"name":"(anonymous_8)","decl":{"start":{"line":115,"column":16},"end":{"line":115,"column":19}},"loc":{"start":{"line":115,"column":21},"end":{"line":138,"column":1}}},"8":{"name":"(anonymous_9)","decl":{"start":{"line":122,"column":30},"end":{"line":122,"column":31}},"loc":{"start":{"line":123,"column":12},"end":{"line":124,"column":null}}}},"branchMap":{},"s":{"0":1,"1":1,"2":1,"3":1,"4":1,"5":1,"6":1,"7":1,"8":1,"9":1,"10":1,"11":1,"12":1,"13":1,"14":1,"15":1,"16":1,"17":1,"18":1,"19":4,"20":1},"f":{"0":1,"1":1,"2":1,"3":1,"4":1,"5":1,"6":1,"7":1,"8":4},"b":{}}
,"/Users/pastryavenger/Work_Projects/GreenPets/client/src/components/NavbarComponents/StyledNavbar.tsx": {"path":"/Users/pastryavenger/Work_Projects/GreenPets/client/src/components/NavbarComponents/StyledNavbar.tsx","statementMap":{"0":{"start":{"line":5,"column":47},"end":{"line":31,"column":1}},"1":{"start":{"line":7,"column":2},"end":{"line":29,"column":null}},"2":{"start":{"line":33,"column":0},"end":{"line":33,"column":28}}},"fnMap":{"0":{"name":"(anonymous_0)","decl":{"start":{"line":5,"column":47},"end":{"line":5,"column":48}},"loc":{"start":{"line":5,"column":81},"end":{"line":31,"column":1}}}},"branchMap":{"0":{"loc":{"start":{"line":11,"column":19},"end":{"line":11,"column":52}},"type":"cond-expr","locations":[{"start":{"line":11,"column":37},"end":{"line":11,"column":43}},{"start":{"line":11,"column":46},"end":{"line":11,"column":52}}]},"1":{"loc":{"start":{"line":15,"column":19},"end":{"line":15,"column":42}},"type":"cond-expr","locations":[{"start":{"line":15,"column":37},"end":{"line":15,"column":38}},{"start":{"line":15,"column":41},"end":{"line":15,"column":42}}]}},"s":{"0":1,"1":6,"2":1},"f":{"0":6},"b":{"0":[0,6],"1":[0,6]}}
,"/Users/pastryavenger/Work_Projects/GreenPets/client/src/components/NavbarComponents/UnstyledNavbar.tsx": {"path":"/Users/pastryavenger/Work_Projects/GreenPets/client/src/components/NavbarComponents/UnstyledNavbar.tsx","statementMap":{"0":{"start":{"line":1,"column":0},"end":{"line":1,"column":39}},"1":{"start":{"line":2,"column":0},"end":{"line":2,"column":45}},"2":{"start":{"line":3,"column":0},"end":{"line":3,"column":46}},"3":{"start":{"line":4,"column":0},"end":{"line":4,"column":50}},"4":{"start":{"line":5,"column":0},"end":{"line":5,"column":74}},"5":{"start":{"line":6,"column":0},"end":{"line":6,"column":71}},"6":{"start":{"line":7,"column":0},"end":{"line":7,"column":67}},"7":{"start":{"line":9,"column":0},"end":{"line":9,"column":54}},"8":{"start":{"line":11,"column":20},"end":{"line":15,"column":2}},"9":{"start":{"line":17,"column":29},"end":{"line":34,"column":2}},"10":{"start":{"line":36,"column":20},"end":{"line":42,"column":2}},"11":{"start":{"line":44,"column":17},"end":{"line":49,"column":2}},"12":{"start":{"line":51,"column":17},"end":{"line":77,"column":2}},"13":{"start":{"line":58,"column":33},"end":{"line":58,"column":61}},"14":{"start":{"line":65,"column":22},"end":{"line":65,"column":48}},"15":{"start":{"line":74,"column":35},"end":{"line":74,"column":63}},"16":{"start":{"line":75,"column":24},"end":{"line":75,"column":50}},"17":{"start":{"line":79,"column":33},"end":{"line":105,"column":1}},"18":{"start":{"line":80,"column":22},"end":{"line":80,"column":77}},"19":{"start":{"line":80,"column":59},"end":{"line":80,"column":76}},"20":{"start":{"line":81,"column":19},"end":{"line":81,"column":35}},"21":{"start":{"line":83,"column":16},"end":{"line":89,"column":3}},"22":{"start":{"line":84,"column":4},"end":{"line":84,"column":30}},"23":{"start":{"line":85,"column":4},"end":{"line":85,"column":28}},"24":{"start":{"line":86,"column":4},"end":{"line":88,"column":5}},"25":{"start":{"line":86,"column":17},"end":{"line":86,"column":18}},"26":{"start":{"line":87,"column":6},"end":{"line":87,"column":41}},"27":{"start":{"line":90,"column":2},"end":{"line":104,"column":4}},"28":{"start":{"line":107,"column":0},"end":{"line":107,"column":30}}},"fnMap":{"0":{"name":"(anonymous_1)","decl":{"start":{"line":58,"column":22},"end":{"line":58,"column":23}},"loc":{"start":{"line":58,"column":33},"end":{"line":58,"column":61}}},"1":{"name":"(anonymous_2)","decl":{"start":{"line":65,"column":11},"end":{"line":65,"column":12}},"loc":{"start":{"line":65,"column":22},"end":{"line":65,"column":48}}},"2":{"name":"(anonymous_3)","decl":{"start":{"line":74,"column":24},"end":{"line":74,"column":25}},"loc":{"start":{"line":74,"column":35},"end":{"line":74,"column":63}}},"3":{"name":"(anonymous_4)","decl":{"start":{"line":75,"column":13},"end":{"line":75,"column":14}},"loc":{"start":{"line":75,"column":24},"end":{"line":75,"column":50}}},"4":{"name":"(anonymous_5)","decl":{"start":{"line":79,"column":33},"end":{"line":79,"column":36}},"loc":{"start":{"line":79,"column":38},"end":{"line":105,"column":1}}},"5":{"name":"(anonymous_6)","decl":{"start":{"line":80,"column":37},"end":{"line":80,"column":38}},"loc":{"start":{"line":80,"column":59},"end":{"line":80,"column":76}}},"6":{"name":"(anonymous_7)","decl":{"start":{"line":83,"column":16},"end":{"line":83,"column":19}},"loc":{"start":{"line":83,"column":21},"end":{"line":89,"column":3}}}},"branchMap":{"0":{"loc":{"start":{"line":98,"column":11},"end":{"line":99,"column":null}},"type":"binary-expr","locations":[{"start":{"line":98,"column":11},"end":{"line":98,"column":33}},{"start":{"line":99,"column":12},"end":{"line":99,"column":63}}]}},"s":{"0":1,"1":1,"2":1,"3":1,"4":1,"5":1,"6":1,"7":1,"8":1,"9":1,"10":1,"11":1,"12":1,"13":0,"14":0,"15":0,"16":0,"17":1,"18":0,"19":0,"20":0,"21":0,"22":0,"23":0,"24":0,"25":0,"26":0,"27":0,"28":1},"f":{"0":0,"1":0,"2":0,"3":0,"4":0,"5":0,"6":0},"b":{"0":[0,0]}}
,"/Users/pastryavenger/Work_Projects/GreenPets/client/src/pages/HomePage.tsx": {"path":"/Users/pastryavenger/Work_Projects/GreenPets/client/src/pages/HomePage.tsx","statementMap":{"0":{"start":{"line":1,"column":0},"end":{"line":1,"column":34}},"1":{"start":{"line":2,"column":0},"end":{"line":2,"column":41}},"2":{"start":{"line":3,"column":0},"end":{"line":3,"column":58}},"3":{"start":{"line":4,"column":0},"end":{"line":4,"column":69}},"4":{"start":{"line":5,"column":0},"end":{"line":5,"column":71}},"5":{"start":{"line":6,"column":0},"end":{"line":6,"column":85}},"6":{"start":{"line":7,"column":0},"end":{"line":7,"column":77}},"7":{"start":{"line":8,"column":0},"end":{"line":8,"column":73}},"8":{"start":{"line":9,"column":0},"end":{"line":9,"column":73}},"9":{"start":{"line":10,"column":0},"end":{"line":10,"column":85}},"10":{"start":{"line":11,"column":0},"end":{"line":11,"column":73}},"11":{"start":{"line":12,"column":0},"end":{"line":12,"column":39}},"12":{"start":{"line":13,"column":0},"end":{"line":13,"column":61}},"13":{"start":{"line":14,"column":0},"end":{"line":14,"column":61}},"14":{"start":{"line":16,"column":0},"end":{"line":16,"column":42}},"15":{"start":{"line":20,"column":26},"end":{"line":23,"column":2}},"16":{"start":{"line":25,"column":27},"end":{"line":99,"column":1}},"17":{"start":{"line":27,"column":21},"end":{"line":27,"column":88}},"18":{"start":{"line":27,"column":56},"end":{"line":27,"column":87}},"19":{"start":{"line":30,"column":2},"end":{"line":46,"column":9}},"20":{"start":{"line":32,"column":4},"end":{"line":32,"column":null}},"21":{"start":{"line":35,"column":28},"end":{"line":35,"column":58}},"22":{"start":{"line":36,"column":4},"end":{"line":36,"column":null}},"23":{"start":{"line":37,"column":4},"end":{"line":37,"column":null}},"24":{"start":{"line":40,"column":4},"end":{"line":40,"column":47}},"25":{"start":{"line":43,"column":4},"end":{"line":45,"column":6}},"26":{"start":{"line":44,"column":6},"end":{"line":44,"column":49}},"27":{"start":{"line":48,"column":2},"end":{"line":98,"column":null}},"28":{"start":{"line":101,"column":0},"end":{"line":101,"column":24}}},"fnMap":{"0":{"name":"(anonymous_7)","decl":{"start":{"line":25,"column":27},"end":{"line":25,"column":30}},"loc":{"start":{"line":25,"column":32},"end":{"line":99,"column":1}}},"1":{"name":"(anonymous_8)","decl":{"start":{"line":27,"column":33},"end":{"line":27,"column":34}},"loc":{"start":{"line":27,"column":56},"end":{"line":27,"column":87}}},"2":{"name":"(anonymous_9)","decl":{"start":{"line":30,"column":12},"end":{"line":30,"column":14}},"loc":{"start":{"line":30,"column":16},"end":{"line":46,"column":3}}},"3":{"name":"(anonymous_10)","decl":{"start":{"line":43,"column":11},"end":{"line":43,"column":14}},"loc":{"start":{"line":43,"column":16},"end":{"line":45,"column":5}}}},"branchMap":{"0":{"loc":{"start":{"line":58,"column":28},"end":{"line":58,"column":71}},"type":"cond-expr","locations":[{"start":{"line":58,"column":41},"end":{"line":58,"column":55}},{"start":{"line":58,"column":58},"end":{"line":58,"column":71}}]}},"s":{"0":1,"1":1,"2":1,"3":1,"4":1,"5":1,"6":1,"7":1,"8":1,"9":1,"10":1,"11":1,"12":1,"13":1,"14":1,"15":1,"16":1,"17":1,"18":2,"19":1,"20":1,"21":1,"22":1,"23":1,"24":1,"25":1,"26":1,"27":1,"28":1},"f":{"0":1,"1":2,"2":1,"3":1},"b":{"0":[0,1]}}
}
