TN:
SF:src/questionsLibrary.tsx
FNF:0
FNH:0
DA:3,1
DA:28,1
LF:2
LH:2
BRF:0
BRH:0
end_of_record
TN:
SF:src/styles.tsx
FNF:0
FNH:0
DA:1,3
DA:5,3
DA:15,3
LF:3
LH:3
BRF:0
BRH:0
end_of_record
TN:
SF:src/themes.ts
FNF:0
FNH:0
DA:2,5
DA:21,5
DA:40,5
DA:59,5
DA:78,5
DA:97,5
DA:116,5
DA:135,5
DA:154,5
DA:173,5
LF:10
LH:10
BRF:0
BRH:0
end_of_record
TN:
SF:src/App/store.ts
FNF:0
FNH:0
DA:1,3
DA:3,3
DA:4,3
DA:5,3
DA:6,3
DA:7,3
DA:8,3
DA:9,3
DA:10,3
DA:11,3
DA:12,3
DA:13,3
DA:14,3
DA:15,3
DA:17,3
DA:41,3
LF:16
LH:16
BRF:0
BRH:0
end_of_record
TN:
SF:src/Features/DetailsCard/cardSlice.ts
FN:20,(anonymous_0)
FN:24,(anonymous_1)
FN:28,(anonymous_2)
FN:35,(anonymous_3)
FNF:4
FNH:0
FNDA:0,(anonymous_0)
FNDA:0,(anonymous_1)
FNDA:0,(anonymous_2)
FNDA:0,(anonymous_3)
DA:1,3
DA:10,3
DA:16,3
DA:21,0
DA:22,0
DA:25,0
DA:26,0
DA:29,0
DA:34,3
DA:35,3
DA:36,3
LF:11
LH:6
BRF:0
BRH:0
end_of_record
TN:
SF:src/Features/Navbar/hamburgerOpen.ts
FN:8,(anonymous_0)
FNF:1
FNH:0
FNDA:0,(anonymous_0)
DA:1,3
DA:4,3
DA:9,0
DA:10,0
DA:15,3
DA:16,3
LF:6
LH:4
BRF:0
BRH:0
end_of_record
TN:
SF:src/Features/Navbar/lightModeSlice.ts
FN:15,(anonymous_0)
FNF:1
FNH:1
FNDA:1,(anonymous_0)
DA:1,4
DA:7,4
DA:11,4
DA:16,1
DA:21,4
DA:22,4
LF:6
LH:6
BRF:0
BRH:0
end_of_record
TN:
SF:src/Features/Navbar/navbarSlice.ts
FN:15,(anonymous_0)
FNF:1
FNH:0
FNDA:0,(anonymous_0)
DA:1,3
DA:7,3
DA:11,3
DA:16,0
DA:21,3
DA:22,3
LF:6
LH:5
BRF:0
BRH:0
end_of_record
TN:
SF:src/Features/QueryResult/queryResultSlice.ts
FN:7,(anonymous_0)
FNF:1
FNH:0
FNDA:0,(anonymous_0)
DA:1,3
DA:3,3
DA:8,0
DA:10,0
DA:12,0
DA:13,0
DA:18,3
DA:19,3
LF:8
LH:4
BRF:0
BRH:0
end_of_record
TN:
SF:src/Features/Questions/questionsCounter.ts
FN:7,(anonymous_0)
FNF:1
FNH:0
FNDA:0,(anonymous_0)
DA:1,3
DA:3,3
DA:8,0
DA:9,0
DA:14,3
DA:15,3
LF:6
LH:4
BRF:0
BRH:0
end_of_record
TN:
SF:src/Features/Response/responseSlice.ts
FN:14,(anonymous_0)
FNF:1
FNH:0
FNDA:0,(anonymous_0)
DA:1,3
DA:4,3
DA:10,3
DA:15,0
DA:16,0
DA:21,3
DA:22,3
LF:7
LH:5
BRF:0
BRH:0
end_of_record
TN:
SF:src/Features/modal/modalSlice.ts
FN:17,(anonymous_0)
FN:20,(anonymous_1)
FN:27,(anonymous_2)
FNF:3
FNH:0
FNDA:0,(anonymous_0)
FNDA:0,(anonymous_1)
FNDA:0,(anonymous_2)
DA:1,3
DA:8,3
DA:13,3
DA:18,0
DA:21,0
DA:26,3
DA:27,3
DA:28,3
LF:8
LH:6
BRF:0
BRH:0
end_of_record
TN:
SF:src/Features/playTime/playTestSlice.ts
FN:5,(anonymous_0)
FN:21,(anonymous_1)
FN:27,(anonymous_2)
FNF:3
FNH:0
FNDA:0,(anonymous_0)
FNDA:0,(anonymous_1)
FNDA:0,(anonymous_2)
DA:1,3
DA:5,3
DA:7,0
DA:11,3
DA:22,0
DA:28,0
DA:35,3
DA:42,3
LF:8
LH:5
BRF:0
BRH:0
end_of_record
TN:
SF:src/Features/slider/sliderSlice.ts
FN:15,(anonymous_0)
FNF:1
FNH:0
FNDA:0,(anonymous_0)
DA:1,3
DA:7,3
DA:11,3
DA:16,0
DA:21,3
DA:22,3
LF:6
LH:5
BRF:0
BRH:0
end_of_record
TN:
SF:src/Features/userAuth/authSlice.ts
FN:9,(anonymous_0)
FN:12,(anonymous_1)
FN:19,(anonymous_2)
FNF:3
FNH:0
FNDA:0,(anonymous_0)
FNDA:0,(anonymous_1)
FNDA:0,(anonymous_2)
DA:1,3
DA:3,3
DA:10,0
DA:13,0
DA:18,3
DA:19,3
DA:20,3
LF:7
LH:5
BRF:0
BRH:0
end_of_record
TN:
SF:src/Features/userAuth/loginSlice.ts
FN:15,(anonymous_0)
FN:18,(anonymous_1)
FNF:2
FNH:0
FNDA:0,(anonymous_0)
FNDA:0,(anonymous_1)
DA:1,3
DA:7,3
DA:11,3
DA:16,0
DA:19,0
DA:24,3
DA:25,3
LF:7
LH:5
BRF:0
BRH:0
end_of_record
TN:
SF:src/Features/userAuth/signUpSlice.ts
FN:15,(anonymous_0)
FN:18,(anonymous_1)
FNF:2
FNH:0
FNDA:0,(anonymous_0)
FNDA:0,(anonymous_1)
DA:1,3
DA:7,3
DA:11,3
DA:16,0
DA:19,0
DA:24,3
DA:25,3
LF:7
LH:5
BRF:0
BRH:0
end_of_record
TN:
SF:src/Hooks/hooks.ts
FNF:0
FNH:0
DA:2,1
DA:7,1
DA:8,1
LF:3
LH:3
BRF:0
BRH:0
end_of_record
TN:
SF:src/assets/index.ts
FNF:0
FNH:0
DA:2,3
DA:3,3
DA:4,3
DA:5,3
DA:7,3
DA:8,3
DA:9,3
DA:10,3
DA:11,3
DA:12,3
DA:14,3
DA:17,3
DA:18,3
DA:19,3
DA:21,3
DA:23,3
DA:29,3
DA:30,3
DA:31,3
DA:32,3
DA:33,3
DA:34,3
DA:35,3
DA:36,3
DA:37,3
DA:38,3
DA:39,3
DA:40,3
DA:41,3
LF:29
LH:29
BRF:0
BRH:0
end_of_record
TN:
SF:src/components/FlipCard.tsx
FN:90,(anonymous_1)
FN:102,(anonymous_2)
FN:106,(anonymous_3)
FN:120,(anonymous_4)
FN:128,(anonymous_5)
FN:131,(anonymous_6)
FN:131,(anonymous_7)
FN:135,(anonymous_8)
FNF:8
FNH:6
FNDA:4,(anonymous_1)
FNDA:4,(anonymous_2)
FNDA:4,(anonymous_3)
FNDA:4,(anonymous_4)
FNDA:8,(anonymous_5)
FNDA:0,(anonymous_6)
FNDA:0,(anonymous_7)
FNDA:4,(anonymous_8)
DA:1,1
DA:2,1
DA:3,1
DA:5,1
DA:12,1
DA:46,1
DA:60,1
DA:69,1
DA:77,1
DA:90,4
DA:102,4
DA:106,4
DA:110,1
DA:120,1
DA:121,4
DA:122,4
DA:128,8
DA:130,4
DA:131,0
DA:135,4
DA:156,1
LF:21
LH:20
BRDA:123,0,0,0
BRDA:123,0,1,4
BRDA:124,1,0,0
BRDA:124,1,1,4
BRDA:134,2,0,0
BRDA:134,2,1,4
BRDA:143,3,0,0
BRDA:143,3,1,4
BRDA:149,4,0,0
BRDA:149,4,1,4
BRF:10
BRH:5
end_of_record
TN:
SF:src/components/Navbar.tsx
FN:52,(anonymous_1)
FN:137,(anonymous_2)
FN:139,(anonymous_3)
FN:142,(anonymous_4)
FN:145,(anonymous_5)
FN:149,(anonymous_6)
FN:158,(anonymous_7)
FN:165,(anonymous_8)
FN:177,(anonymous_9)
FN:177,(anonymous_10)
FN:186,(anonymous_11)
FN:199,(anonymous_12)
FN:212,(anonymous_13)
FN:225,(anonymous_14)
FN:238,(anonymous_15)
FN:252,(anonymous_16)
FNF:16
FNH:9
FNDA:6,(anonymous_1)
FNDA:7,(anonymous_2)
FNDA:14,(anonymous_3)
FNDA:14,(anonymous_4)
FNDA:6,(anonymous_5)
FNDA:2,(anonymous_6)
FNDA:6,(anonymous_7)
FNDA:1,(anonymous_8)
FNDA:0,(anonymous_9)
FNDA:0,(anonymous_10)
FNDA:0,(anonymous_11)
FNDA:0,(anonymous_12)
FNDA:0,(anonymous_13)
FNDA:0,(anonymous_14)
FNDA:0,(anonymous_15)
FNDA:1,(anonymous_16)
DA:1,1
DA:2,1
DA:3,1
DA:4,1
DA:5,1
DA:6,1
DA:8,1
DA:9,1
DA:10,1
DA:11,1
DA:12,1
DA:13,1
DA:14,1
DA:15,1
DA:24,1
DA:34,1
DA:44,1
DA:53,6
DA:54,6
DA:66,1
DA:98,1
DA:109,1
DA:120,1
DA:128,1
DA:137,1
DA:138,7
DA:139,14
DA:141,6
DA:142,14
DA:145,6
DA:149,6
DA:153,2
DA:154,2
DA:157,6
DA:158,6
DA:159,6
DA:165,6
DA:166,1
DA:170,6
DA:177,0
DA:186,0
DA:199,0
DA:212,0
DA:225,0
DA:238,0
DA:252,1
DA:271,1
LF:47
LH:41
BRDA:53,0,0,6
BRDA:177,1,0,0
BRDA:177,1,1,6
BRF:3
BRH:2
end_of_record
TN:
SF:src/components/RoadmapCard.tsx
FN:19,(anonymous_1)
FNF:1
FNH:1
FNDA:4,(anonymous_1)
DA:1,1
DA:2,1
DA:5,1
DA:19,1
DA:25,4
DA:35,1
LF:6
LH:6
BRF:0
BRH:0
end_of_record
TN:
SF:src/components/HomePageSections/AboutSection.tsx
FN:22,(anonymous_1)
FN:23,(anonymous_2)
FN:30,(anonymous_3)
FN:31,(anonymous_4)
FN:45,(anonymous_5)
FN:58,(anonymous_6)
FN:75,(anonymous_7)
FN:76,(anonymous_8)
FNF:8
FNH:8
FNDA:5,(anonymous_1)
FNDA:5,(anonymous_2)
FNDA:5,(anonymous_3)
FNDA:5,(anonymous_4)
FNDA:5,(anonymous_5)
FNDA:5,(anonymous_6)
FNDA:5,(anonymous_7)
FNDA:10,(anonymous_8)
DA:2,1
DA:3,1
DA:4,1
DA:6,1
DA:8,1
DA:22,5
DA:23,5
DA:28,1
DA:30,5
DA:31,5
DA:43,1
DA:45,5
DA:55,1
DA:58,5
DA:69,1
DA:75,1
DA:76,5
DA:77,10
DA:78,5
DA:110,1
LF:20
LH:20
BRDA:85,0,0,3
BRDA:85,0,1,2
BRF:2
BRH:2
end_of_record
TN:
SF:src/components/HomePageSections/FeaturesSection.tsx
FN:12,(anonymous_1)
FN:13,(anonymous_2)
FN:24,(anonymous_3)
FN:26,(anonymous_4)
FN:51,(anonymous_5)
FN:61,(anonymous_6)
FNF:6
FNH:6
FNDA:3,(anonymous_1)
FNDA:3,(anonymous_2)
FNDA:3,(anonymous_3)
FNDA:3,(anonymous_4)
FNDA:3,(anonymous_5)
FNDA:3,(anonymous_6)
DA:2,1
DA:3,1
DA:4,1
DA:5,1
DA:7,1
DA:12,3
DA:13,3
DA:22,1
DA:24,3
DA:26,3
DA:36,1
DA:45,1
DA:51,1
DA:54,3
DA:62,3
DA:78,1
LF:16
LH:16
BRF:0
BRH:0
end_of_record
TN:
SF:src/components/HomePageSections/HeroSection.tsx
FN:13,(anonymous_1)
FN:14,(anonymous_2)
FN:38,(anonymous_3)
FN:39,(anonymous_4)
FN:100,(anonymous_5)
FN:107,(anonymous_6)
FN:114,(anonymous_7)
FN:115,(anonymous_8)
FN:119,(anonymous_9)
FN:121,(anonymous_10)
FNF:10
FNH:10
FNDA:2,(anonymous_1)
FNDA:2,(anonymous_2)
FNDA:2,(anonymous_3)
FNDA:2,(anonymous_4)
FNDA:2,(anonymous_5)
FNDA:2,(anonymous_6)
FNDA:2,(anonymous_7)
FNDA:2,(anonymous_8)
FNDA:2,(anonymous_9)
FNDA:4,(anonymous_10)
DA:2,1
DA:3,1
DA:4,1
DA:5,1
DA:6,1
DA:8,1
DA:10,1
DA:13,2
DA:14,2
DA:27,1
DA:37,1
DA:38,2
DA:39,2
DA:62,1
DA:69,1
DA:81,1
DA:88,1
DA:94,1
DA:100,2
DA:107,2
DA:114,2
DA:115,2
DA:119,1
DA:120,2
DA:121,4
DA:124,2
DA:151,1
LF:27
LH:27
BRDA:129,0,0,0
BRDA:129,0,1,2
BRF:2
BRH:1
end_of_record
TN:
SF:src/components/HomePageSections/Roadmap.tsx
FN:56,(anonymous_1)
FN:57,(anonymous_2)
FN:62,(anonymous_3)
FN:63,(anonymous_4)
FN:92,(anonymous_5)
FN:97,(anonymous_6)
FN:110,(anonymous_7)
FN:115,(anonymous_8)
FN:122,(anonymous_9)
FNF:9
FNH:9
FNDA:1,(anonymous_1)
FNDA:1,(anonymous_2)
FNDA:1,(anonymous_3)
FNDA:1,(anonymous_4)
FNDA:1,(anonymous_5)
FNDA:1,(anonymous_6)
FNDA:1,(anonymous_7)
FNDA:1,(anonymous_8)
FNDA:4,(anonymous_9)
DA:1,1
DA:2,1
DA:3,1
DA:12,1
DA:14,1
DA:45,1
DA:51,1
DA:56,1
DA:57,1
DA:62,1
DA:63,1
DA:80,1
DA:92,1
DA:97,1
DA:101,1
DA:106,1
DA:110,1
DA:115,1
DA:116,1
DA:123,4
DA:140,1
LF:21
LH:21
BRF:0
BRH:0
end_of_record
TN:
SF:src/components/NavbarComponents/StyledNavbar.tsx
FN:5,(anonymous_0)
FNF:1
FNH:1
FNDA:6,(anonymous_0)
DA:5,1
DA:7,6
DA:33,1
LF:3
LH:3
BRDA:11,0,0,0
BRDA:11,0,1,6
BRDA:15,1,0,0
BRDA:15,1,1,6
BRF:4
BRH:2
end_of_record
TN:
SF:src/components/NavbarComponents/UnstyledNavbar.tsx
FN:58,(anonymous_1)
FN:65,(anonymous_2)
FN:74,(anonymous_3)
FN:75,(anonymous_4)
FN:79,(anonymous_5)
FN:80,(anonymous_6)
FN:83,(anonymous_7)
FNF:7
FNH:0
FNDA:0,(anonymous_1)
FNDA:0,(anonymous_2)
FNDA:0,(anonymous_3)
FNDA:0,(anonymous_4)
FNDA:0,(anonymous_5)
FNDA:0,(anonymous_6)
FNDA:0,(anonymous_7)
DA:1,1
DA:2,1
DA:3,1
DA:4,1
DA:5,1
DA:6,1
DA:7,1
DA:9,1
DA:11,1
DA:17,1
DA:36,1
DA:44,1
DA:51,1
DA:58,0
DA:65,0
DA:74,0
DA:75,0
DA:79,1
DA:80,0
DA:81,0
DA:83,0
DA:84,0
DA:85,0
DA:86,0
DA:87,0
DA:90,0
DA:107,1
LF:27
LH:15
BRDA:98,0,0,0
BRDA:98,0,1,0
BRF:2
BRH:0
end_of_record
TN:
SF:src/pages/HomePage.tsx
FN:25,(anonymous_7)
FN:27,(anonymous_8)
FN:30,(anonymous_9)
FN:43,(anonymous_10)
FNF:4
FNH:4
FNDA:1,(anonymous_7)
FNDA:2,(anonymous_8)
FNDA:1,(anonymous_9)
FNDA:1,(anonymous_10)
DA:1,1
DA:2,1
DA:3,1
DA:4,1
DA:5,1
DA:6,1
DA:7,1
DA:8,1
DA:9,1
DA:10,1
DA:11,1
DA:12,1
DA:13,1
DA:14,1
DA:16,1
DA:20,1
DA:25,1
DA:27,2
DA:30,1
DA:32,1
DA:35,1
DA:36,1
DA:37,1
DA:40,1
DA:43,1
DA:44,1
DA:48,1
DA:101,1
LF:28
LH:28
BRDA:58,0,0,0
BRDA:58,0,1,1
BRF:2
BRH:1
end_of_record
